Arguments: 
  C:\Program Files\nodejs\node.exe C:\Users\SEC\AppData\Roaming\npm\node_modules\yarn\bin\yarn.js init

PATH: 
  C:\Users\SEC\bin;C:\Program Files\Git\mingw64\bin;C:\Program Files\Git\usr\local\bin;C:\Program Files\Git\usr\bin;C:\Program Files\Git\usr\bin;C:\Program Files\Git\mingw64\bin;C:\Program Files\Git\usr\bin;C:\Users\SEC\bin;C:\app\SEC\product\11.2.0\dbhome_2\bin;C:\app\SEC\product\11.2.0\dbhome_1\bin;C:\Program Files (x86)\Intel\iCLS Client;C:\Program Files\Intel\iCLS Client;C:\WINDOWS\system32;C:\WINDOWS;C:\WINDOWS\System32\Wbem;C:\WINDOWS\System32\WindowsPowerShell\v1.0;C:\Program Files (x86)\Intel\Intel(R) Management Engine Components\DAL;C:\Program Files\Intel\Intel(R) Management Engine Components\DAL;C:\Program Files (x86)\Intel\Intel(R) Management Engine Components\IPT;C:\Program Files\Intel\Intel(R) Management Engine Components\IPT;C:\WINDOWS\System32\OpenSSH;C:\Program Files\Intel\WiFi\bin;C:\Program Files\Common Files\Intel\WirelessCommon;C:\develop\java\JDK1.8\bin;C:\Program Files\nodejs;C:\Program Files\Git\cmd;C:\Users\SEC\AppData\Local\Programs\Python\Python37\Scripts;C:\Users\SEC\AppData\Local\Programs\Python\Python37;C:\Users\SEC\AppData\Local\Microsoft\WindowsApps;C:\Users\SEC\AppData\Local\Microsoft\WindowsApps;C:\develop\Microsoft VS Code\bin;C:\Users\SEC\AppData\Local\GitHubDesktop\bin;C:\Users\SEC\AppData\Roaming\npm;C:\Program Files\Git\usr\bin\vendor_perl;C:\Program Files\Git\usr\bin\core_perl

Yarn version: 
  1.21.1

Node version: 
  12.13.1

Platform: 
  win32 x64

Trace: 
  Error: Can't answer a question unless a user TTY
      at ConsoleReporter.question (C:\Users\SEC\AppData\Roaming\npm\node_modules\yarn\lib\cli.js:96722:59)
      at Object.<anonymous> (C:\Users\SEC\AppData\Roaming\npm\node_modules\yarn\lib\cli.js:89033:38)
      at Generator.next (<anonymous>)
      at step (C:\Users\SEC\AppData\Roaming\npm\node_modules\yarn\lib\cli.js:310:30)
      at C:\Users\SEC\AppData\Roaming\npm\node_modules\yarn\lib\cli.js:321:13

npm manifest: 
  {
    "name": "chat-test",
    "version": "1.0.0",
    "description": "",
    "main": "index.js",
    "scripts": {
      "test": "echo \"Error: no test specified\" && exit 1"
    },
    "author": "",
    "license": "MIT"
  }

yarn manifest: 
  No manifest

Lockfile: 
  No lockfile
